0 info it worked if it ends with ok
1 verbose cli [ 'node', '/usr/local/bin/npm', 'update', '-g', 'npm' ]
2 info using npm@1.4.21
3 info using node@v0.10.30
4 verbose request where is /npm
5 verbose request registry https://registry.npmjs.org/
6 verbose request id 38f83f67ee3f54f7
7 verbose url raw /npm
8 verbose url resolving [ 'https://registry.npmjs.org/', './npm' ]
9 verbose url resolved https://registry.npmjs.org/npm
10 verbose request where is https://registry.npmjs.org/npm
11 info trying registry request attempt 1 at 15:06:58
12 http GET https://registry.npmjs.org/npm
13 http 200 https://registry.npmjs.org/npm
14 silly registry.get cb [ 200,
14 silly registry.get   { date: 'Tue, 12 Aug 2014 18:06:59 GMT',
14 silly registry.get     server: 'CouchDB/1.5.0 (Erlang OTP/R14B04)',
14 silly registry.get     etag: '"LZOJTBOOJDA0MDSOW2AQKT5H"',
14 silly registry.get     'content-type': 'application/json',
14 silly registry.get     'cache-control': 'max-age=60',
14 silly registry.get     'content-length': '1203506',
14 silly registry.get     'accept-ranges': 'bytes',
14 silly registry.get     via: '1.1 varnish',
14 silly registry.get     age: '410',
14 silly registry.get     'x-served-by': 'cache-at50-ATL',
14 silly registry.get     'x-cache': 'HIT',
14 silly registry.get     'x-cache-hits': '1',
14 silly registry.get     'x-timer': 'S1407866819.490220,VS0,VE85',
14 silly registry.get     vary: 'Accept',
14 silly registry.get     'keep-alive': 'timeout=10, max=50',
14 silly registry.get     connection: 'Keep-Alive' } ]
15 info outdated updating [ [ '/usr/local/lib', 'npm', '1.4.21', '1.4.23', '1.4.23', 'latest' ] ]
16 verbose install where,what [ '/usr/local/lib', [ 'npm@1.4.23' ] ]
17 verbose cache add [ 'npm@1.4.23', null ]
18 verbose cache add name=undefined spec="npm@1.4.23" args=["npm@1.4.23",null]
19 verbose parsed url { protocol: null,
19 verbose parsed url   slashes: null,
19 verbose parsed url   auth: null,
19 verbose parsed url   host: null,
19 verbose parsed url   port: null,
19 verbose parsed url   hostname: null,
19 verbose parsed url   hash: null,
19 verbose parsed url   search: null,
19 verbose parsed url   query: null,
19 verbose parsed url   pathname: 'npm@1.4.23',
19 verbose parsed url   path: 'npm@1.4.23',
19 verbose parsed url   href: 'npm@1.4.23' }
20 verbose cache add name="npm" spec="1.4.23" args=["npm","1.4.23"]
21 verbose parsed url { protocol: null,
21 verbose parsed url   slashes: null,
21 verbose parsed url   auth: null,
21 verbose parsed url   host: null,
21 verbose parsed url   port: null,
21 verbose parsed url   hostname: null,
21 verbose parsed url   hash: null,
21 verbose parsed url   search: null,
21 verbose parsed url   query: null,
21 verbose parsed url   pathname: '1.4.23',
21 verbose parsed url   path: '1.4.23',
21 verbose parsed url   href: '1.4.23' }
22 verbose addNamed [ 'npm', '1.4.23' ]
23 verbose addNamed [ '1.4.23', '1.4.23' ]
24 silly lockFile de435cd0-npm-1-4-23 npm@1.4.23
25 verbose lock npm@1.4.23 /Users/felipegenuino/.npm/de435cd0-npm-1-4-23.lock
26 verbose registry.get https://registry.npmjs.org/npm not expired, no request
27 silly lockFile defd23bd-try-npmjs-org-npm-npm-1-4-23-tgz https://registry.npmjs.org/npm/-/npm-1.4.23.tgz
28 verbose lock https://registry.npmjs.org/npm/-/npm-1.4.23.tgz /Users/felipegenuino/.npm/defd23bd-try-npmjs-org-npm-npm-1-4-23-tgz.lock
29 verbose addRemoteTarball [ 'https://registry.npmjs.org/npm/-/npm-1.4.23.tgz',
29 verbose addRemoteTarball   '3888d9f7168eb0e3371cb8bfa3968b1906441717' ]
30 info retry fetch attempt 1 at 15:07:03
31 verbose fetch to= /var/folders/nd/qf32x2m963q95ctmd3r4s3xr0000gn/T/npm-3749-Nq1DCyuh/registry.npmjs.org/npm/-/npm-1.4.23.tgz
32 http GET https://registry.npmjs.org/npm/-/npm-1.4.23.tgz
33 http 200 https://registry.npmjs.org/npm/-/npm-1.4.23.tgz
34 silly lockFile defd23bd-try-npmjs-org-npm-npm-1-4-23-tgz https://registry.npmjs.org/npm/-/npm-1.4.23.tgz
35 silly lockFile defd23bd-try-npmjs-org-npm-npm-1-4-23-tgz https://registry.npmjs.org/npm/-/npm-1.4.23.tgz
36 silly lockFile de435cd0-npm-1-4-23 npm@1.4.23
37 silly lockFile de435cd0-npm-1-4-23 npm@1.4.23
38 silly resolved [ { version: '1.4.23',
38 silly resolved     name: 'npm',
38 silly resolved     description: 'A package manager for node',
38 silly resolved     keywords: [ 'package manager', 'modules', 'install', 'package.json' ],
38 silly resolved     preferGlobal: true,
38 silly resolved     config: { publishtest: false },
38 silly resolved     homepage: 'https://npmjs.org/doc/',
38 silly resolved     author:
38 silly resolved      { name: 'Isaac Z. Schlueter',
38 silly resolved        email: 'i@izs.me',
38 silly resolved        url: 'http://blog.izs.me' },
38 silly resolved     repository: { type: 'git', url: 'https://github.com/npm/npm' },
38 silly resolved     bugs:
38 silly resolved      { url: 'http://github.com/npm/npm/issues',
38 silly resolved        email: 'npm-@googlegroups.com' },
38 silly resolved     directories: { doc: './doc', man: './man', lib: './lib', bin: './bin' },
38 silly resolved     main: './lib/npm.js',
38 silly resolved     bin: { npm: './bin/npm-cli.js' },
38 silly resolved     dependencies:
38 silly resolved      { abbrev: '~1.0.5',
38 silly resolved        ansi: '~0.3.0',
38 silly resolved        ansicolors: '~0.3.2',
38 silly resolved        ansistyles: '~0.1.3',
38 silly resolved        archy: '0',
38 silly resolved        'block-stream': '0.0.7',
38 silly resolved        'char-spinner': '~1.0.1',
38 silly resolved        'child-process-close': '~0.1.1',
38 silly resolved        chmodr: '~0.1.0',
38 silly resolved        chownr: '0',
38 silly resolved        'cmd-shim': '~1.1.2',
38 silly resolved        columnify: '~1.1.0',
38 silly resolved        editor: '~0.1.0',
38 silly resolved        fstream: '~1.0.0',
38 silly resolved        'fstream-npm': '~1.0.0',
38 silly resolved        'github-url-from-git': '~1.3.0',
38 silly resolved        'github-url-from-username-repo': '~0.2.0',
38 silly resolved        glob: '~4.0.5',
38 silly resolved        'graceful-fs': '~3.0.0',
38 silly resolved        inflight: '~1.0.1',
38 silly resolved        ini: '~1.2.0',
38 silly resolved        'init-package-json': '~1.0.0',
38 silly resolved        lockfile: '~0.4.0',
38 silly resolved        'lru-cache': '~2.5.0',
38 silly resolved        minimatch: '~1.0.0',
38 silly resolved        mkdirp: '~0.5.0',
38 silly resolved        'node-gyp': '~1.0.1',
38 silly resolved        nopt: '~3.0.1',
38 silly resolved        'npm-cache-filename': '~1.0.1',
38 silly resolved        'npm-install-checks': '~1.0.2',
38 silly resolved        'npm-registry-client': '~2.0.4',
38 silly resolved        'npm-user-validate': '~0.1.0',
38 silly resolved        npmconf: '~1.1.4',
38 silly resolved        npmlog: '~0.1.1',
38 silly resolved        once: '~1.3.0',
38 silly resolved        opener: '~1.3.0',
38 silly resolved        osenv: '~0.1.0',
38 silly resolved        'path-is-inside': '~1.0.0',
38 silly resolved        read: '~1.0.4',
38 silly resolved        'read-installed': '~2.0.5',
38 silly resolved        'read-package-json': '~1.2.6',
38 silly resolved        request: '~2.30.0',
38 silly resolved        retry: '~0.6.0',
38 silly resolved        rimraf: '~2.2.8',
38 silly resolved        semver: '~2.3.0',
38 silly resolved        sha: '~1.2.1',
38 silly resolved        slide: '~1.1.5',
38 silly resolved        'sorted-object': '~1.0.0',
38 silly resolved        tar: '~1.0.0',
38 silly resolved        'text-table': '~0.2.0',
38 silly resolved        'uid-number': '0.0.5',
38 silly resolved        which: '1' },
38 silly resolved     bundleDependencies:
38 silly resolved      [ 'abbrev',
38 silly resolved        'ansi',
38 silly resolved        'ansicolors',
38 silly resolved        'ansistyles',
38 silly resolved        'archy',
38 silly resolved        'block-stream',
38 silly resolved        'char-spinner',
38 silly resolved        'child-process-close',
38 silly resolved        'chmodr',
38 silly resolved        'chownr',
38 silly resolved        'cmd-shim',
38 silly resolved        'columnify',
38 silly resolved        'editor',
38 silly resolved        'fstream',
38 silly resolved        'fstream-npm',
38 silly resolved        'github-url-from-git',
38 silly resolved        'github-url-from-username-repo',
38 silly resolved        'glob',
38 silly resolved        'graceful-fs',
38 silly resolved        'inflight',
38 silly resolved        'inherits',
38 silly resolved        'ini',
38 silly resolved        'init-package-json',
38 silly resolved        'lockfile',
38 silly resolved        'lru-cache',
38 silly resolved        'minimatch',
38 silly resolved        'mkdirp',
38 silly resolved        'node-gyp',
38 silly resolved        'nopt',
38 silly resolved        'npm-cache-filename',
38 silly resolved        'npm-install-checks',
38 silly resolved        'npm-registry-client',
38 silly resolved        'npm-user-validate',
38 silly resolved        'npmconf',
38 silly resolved        'npmlog',
38 silly resolved        'once',
38 silly resolved        'opener',
38 silly resolved        'osenv',
38 silly resolved        'path-is-inside',
38 silly resolved        'read',
38 silly resolved        'read-installed',
38 silly resolved        'read-package-json',
38 silly resolved        'request',
38 silly resolved        'retry',
38 silly resolved        'rimraf',
38 silly resolved        'semver',
38 silly resolved        'sha',
38 silly resolved        'slide',
38 silly resolved        'sorted-object',
38 silly resolved        'tar',
38 silly resolved        'text-table',
38 silly resolved        'uid-number',
38 silly resolved        'which' ],
38 silly resolved     devDependencies:
38 silly resolved      { marked: '~0.3.2',
38 silly resolved        'npm-registry-couchapp': '~2.3.6',
38 silly resolved        'npm-registry-mock': '~0.6.3',
38 silly resolved        ronn: '~0.3.6',
38 silly resolved        tap: '~0.4.9' },
38 silly resolved     engines: { node: '>=0.8', npm: '1' },
38 silly resolved     scripts:
38 silly resolved      { 'test-legacy': 'node ./test/run.js',
38 silly resolved        test: 'tap --timeout 120 test/tap/*.js',
38 silly resolved        tap: 'tap --timeout 120 test/tap/*.js',
38 silly resolved        'test-all': 'node ./test/run.js && tap test/tap/*.js',
38 silly resolved        prepublish: 'node bin/npm-cli.js prune --prefix=. --no-global && rm -rf test/*/*/node_modules && make -j8 doc',
38 silly resolved        dumpconf: 'env | grep npm | sort | uniq' },
38 silly resolved     license: 'Artistic-2.0',
38 silly resolved     man:
38 silly resolved      [ '/Users/isaacs/dev/npm/npm/man/man1/npm-README.1',
38 silly resolved        '/Users/isaacs/dev/npm/npm/man/man1/npm-adduser.1',
38 silly resolved        '/Users/isaacs/dev/npm/npm/man/man1/npm-bin.1',
38 silly resolved        '/Users/isaacs/dev/npm/npm/man/man1/npm-bugs.1',
38 silly resolved        '/Users/isaacs/dev/npm/npm/man/man1/npm-build.1',
38 silly resolved        '/Users/isaacs/dev/npm/npm/man/man1/npm-bundle.1',
38 silly resolved        '/Users/isaacs/dev/npm/npm/man/man1/npm-cache.1',
38 silly resolved        '/Users/isaacs/dev/npm/npm/man/man1/npm-completion.1',
38 silly resolved        '/Users/isaacs/dev/npm/npm/man/man1/npm-config.1',
38 silly resolved        '/Users/isaacs/dev/npm/npm/man/man1/npm-dedupe.1',
38 silly resolved        '/Users/isaacs/dev/npm/npm/man/man1/npm-deprecate.1',
38 silly resolved        '/Users/isaacs/dev/npm/npm/man/man1/npm-docs.1',
38 silly resolved        '/Users/isaacs/dev/npm/npm/man/man1/npm-edit.1',
38 silly resolved        '/Users/isaacs/dev/npm/npm/man/man1/npm-explore.1',
38 silly resolved        '/Users/isaacs/dev/npm/npm/man/man1/npm-help-search.1',
38 silly resolved        '/Users/isaacs/dev/npm/npm/man/man1/npm-help.1',
38 silly resolved        '/Users/isaacs/dev/npm/npm/man/man1/npm-init.1',
38 silly resolved        '/Users/isaacs/dev/npm/npm/man/man1/npm-install.1',
38 silly resolved        '/Users/isaacs/dev/npm/npm/man/man1/npm-link.1',
38 silly resolved        '/Users/isaacs/dev/npm/npm/man/man1/npm-ls.1',
38 silly resolved        '/Users/isaacs/dev/npm/npm/man/man1/npm-outdated.1',
38 silly resolved        '/Users/isaacs/dev/npm/npm/man/man1/npm-owner.1',
38 silly resolved        '/Users/isaacs/dev/npm/npm/man/man1/npm-pack.1',
38 silly resolved        '/Users/isaacs/dev/npm/npm/man/man1/npm-prefix.1',
38 silly resolved        '/Users/isaacs/dev/npm/npm/man/man1/npm-prune.1',
38 silly resolved        '/Users/isaacs/dev/npm/npm/man/man1/npm-publish.1',
38 silly resolved        '/Users/isaacs/dev/npm/npm/man/man1/npm-rebuild.1',
38 silly resolved        '/Users/isaacs/dev/npm/npm/man/man1/npm-repo.1',
38 silly resolved        '/Users/isaacs/dev/npm/npm/man/man1/npm-restart.1',
38 silly resolved        '/Users/isaacs/dev/npm/npm/man/man1/npm-rm.1',
38 silly resolved        '/Users/isaacs/dev/npm/npm/man/man1/npm-root.1',
38 silly resolved        '/Users/isaacs/dev/npm/npm/man/man1/npm-run-script.1',
38 silly resolved        '/Users/isaacs/dev/npm/npm/man/man1/npm-search.1',
38 silly resolved        '/Users/isaacs/dev/npm/npm/man/man1/npm-shrinkwrap.1',
38 silly resolved        '/Users/isaacs/dev/npm/npm/man/man1/npm-star.1',
38 silly resolved        '/Users/isaacs/dev/npm/npm/man/man1/npm-stars.1',
38 silly resolved        '/Users/isaacs/dev/npm/npm/man/man1/npm-start.1',
38 silly resolved        '/Users/isaacs/dev/npm/npm/man/man1/npm-stop.1',
38 silly resolved        '/Users/isaacs/dev/npm/npm/man/man1/npm-submodule.1',
38 silly resolved        '/Users/isaacs/dev/npm/npm/man/man1/npm-tag.1',
38 silly resolved        '/Users/isaacs/dev/npm/npm/man/man1/npm-test.1',
38 silly resolved        '/Users/isaacs/dev/npm/npm/man/man1/npm-uninstall.1',
38 silly resolved        '/Users/isaacs/dev/npm/npm/man/man1/npm-unpublish.1',
38 silly resolved        '/Users/isaacs/dev/npm/npm/man/man1/npm-update.1',
38 silly resolved        '/Users/isaacs/dev/npm/npm/man/man1/npm-version.1',
38 silly resolved        '/Users/isaacs/dev/npm/npm/man/man1/npm-view.1',
38 silly resolved        '/Users/isaacs/dev/npm/npm/man/man1/npm-whoami.1',
38 silly resolved        '/Users/isaacs/dev/npm/npm/man/man1/npm.1',
38 silly resolved        '/Users/isaacs/dev/npm/npm/man/man3/npm-bin.3',
38 silly resolved        '/Users/isaacs/dev/npm/npm/man/man3/npm-bugs.3',
38 silly resolved        '/Users/isaacs/dev/npm/npm/man/man3/npm-cache.3',
38 silly resolved        '/Users/isaacs/dev/npm/npm/man/man3/npm-commands.3',
38 silly resolved        '/Users/isaacs/dev/npm/npm/man/man3/npm-config.3',
38 silly resolved        '/Users/isaacs/dev/npm/npm/man/man3/npm-deprecate.3',
38 silly resolved        '/Users/isaacs/dev/npm/npm/man/man3/npm-docs.3',
38 silly resolved        '/Users/isaacs/dev/npm/npm/man/man3/npm-edit.3',
38 silly resolved        '/Users/isaacs/dev/npm/npm/man/man3/npm-explore.3',
38 silly resolved        '/Users/isaacs/dev/npm/npm/man/man3/npm-help-search.3',
38 silly resolved        '/Users/isaacs/dev/npm/npm/man/man3/npm-init.3',
38 silly resolved        '/Users/isaacs/dev/npm/npm/man/man3/npm-install.3',
38 silly resolved        '/Users/isaacs/dev/npm/npm/man/man3/npm-link.3',
38 silly resolved        '/Users/isaacs/dev/npm/npm/man/man3/npm-load.3',
38 silly resolved        '/Users/isaacs/dev/npm/npm/man/man3/npm-ls.3',
38 silly resolved        '/Users/isaacs/dev/npm/npm/man/man3/npm-outdated.3',
38 silly resolved        '/Users/isaacs/dev/npm/npm/man/man3/npm-owner.3',
38 silly resolved        '/Users/isaacs/dev/npm/npm/man/man3/npm-pack.3',
38 silly resolved        '/Users/isaacs/dev/npm/npm/man/man3/npm-prefix.3',
38 silly resolved        '/Users/isaacs/dev/npm/npm/man/man3/npm-prune.3',
38 silly resolved        '/Users/isaacs/dev/npm/npm/man/man3/npm-publish.3',
38 silly resolved        '/Users/isaacs/dev/npm/npm/man/man3/npm-rebuild.3',
38 silly resolved        '/Users/isaacs/dev/npm/npm/man/man3/npm-repo.3',
38 silly resolved        '/Users/isaacs/dev/npm/npm/man/man3/npm-restart.3',
38 silly resolved        '/Users/isaacs/dev/npm/npm/man/man3/npm-root.3',
38 silly resolved        '/Users/isaacs/dev/npm/npm/man/man3/npm-run-script.3',
38 silly resolved        '/Users/isaacs/dev/npm/npm/man/man3/npm-search.3',
38 silly resolved        '/Users/isaacs/dev/npm/npm/man/man3/npm-shrinkwrap.3',
38 silly resolved        '/Users/isaacs/dev/npm/npm/man/man3/npm-start.3',
38 silly resolved        '/Users/isaacs/dev/npm/npm/man/man3/npm-stop.3',
38 silly resolved        '/Users/isaacs/dev/npm/npm/man/man3/npm-submodule.3',
38 silly resolved        '/Users/isaacs/dev/npm/npm/man/man3/npm-tag.3',
38 silly resolved        '/Users/isaacs/dev/npm/npm/man/man3/npm-test.3',
38 silly resolved        '/Users/isaacs/dev/npm/npm/man/man3/npm-uninstall.3',
38 silly resolved        '/Users/isaacs/dev/npm/npm/man/man3/npm-unpublish.3',
38 silly resolved        '/Users/isaacs/dev/npm/npm/man/man3/npm-update.3',
38 silly resolved        '/Users/isaacs/dev/npm/npm/man/man3/npm-version.3',
38 silly resolved        '/Users/isaacs/dev/npm/npm/man/man3/npm-view.3',
38 silly resolved        '/Users/isaacs/dev/npm/npm/man/man3/npm-whoami.3',
38 silly resolved        '/Users/isaacs/dev/npm/npm/man/man3/npm.3',
38 silly resolved        '/Users/isaacs/dev/npm/npm/man/man5/npm-folders.5',
38 silly resolved        '/Users/isaacs/dev/npm/npm/man/man5/npm-global.5',
38 silly resolved        '/Users/isaacs/dev/npm/npm/man/man5/npm-json.5',
38 silly resolved        '/Users/isaacs/dev/npm/npm/man/man5/npmrc.5',
38 silly resolved        '/Users/isaacs/dev/npm/npm/man/man5/package.json.5',
38 silly resolved        '/Users/isaacs/dev/npm/npm/man/man7/npm-coding-style.7',
38 silly resolved        '/Users/isaacs/dev/npm/npm/man/man7/npm-config.7',
38 silly resolved        '/Users/isaacs/dev/npm/npm/man/man7/npm-developers.7',
38 silly resolved        '/Users/isaacs/dev/npm/npm/man/man7/npm-disputes.7',
38 silly resolved        '/Users/isaacs/dev/npm/npm/man/man7/npm-faq.7',
38 silly resolved        '/Users/isaacs/dev/npm/npm/man/man7/npm-index.7',
38 silly resolved        '/Users/isaacs/dev/npm/npm/man/man7/npm-registry.7',
38 silly resolved        '/Users/isaacs/dev/npm/npm/man/man7/npm-scripts.7',
38 silly resolved        '/Users/isaacs/dev/npm/npm/man/man7/removing-npm.7',
38 silly resolved        '/Users/isaacs/dev/npm/npm/man/man7/semver.7' ],
38 silly resolved     contributors:
38 silly resolved      [ [Object],
38 silly resolved        [Object],
38 silly resolved        [Object],
38 silly resolved        [Object],
38 silly resolved        [Object],
38 silly resolved        [Object],
38 silly resolved        [Object],
38 silly resolved        [Object],
38 silly resolved        [Object],
38 silly resolved        [Object],
38 silly resolved        [Object],
38 silly resolved        [Object],
38 silly resolved        [Object],
38 silly resolved        [Object],
38 silly resolved        [Object],
38 silly resolved        [Object],
38 silly resolved        [Object],
38 silly resolved        [Object],
38 silly resolved        [Object],
38 silly resolved        [Object],
38 silly resolved        [Object],
38 silly resolved        [Object],
38 silly resolved        [Object],
38 silly resolved        [Object],
38 silly resolved        [Object],
38 silly resolved        [Object],
38 silly resolved        [Object],
38 silly resolved        [Object],
38 silly resolved        [Object],
38 silly resolved        [Object],
38 silly resolved        [Object],
38 silly resolved        [Object],
38 silly resolved        [Object],
38 silly resolved        [Object],
38 silly resolved        [Object],
38 silly resolved        [Object],
38 silly resolved        [Object],
38 silly resolved        [Object],
38 silly resolved        [Object],
38 silly resolved        [Object],
38 silly resolved        [Object],
38 silly resolved        [Object],
38 silly resolved        [Object],
38 silly resolved        [Object],
38 silly resolved        [Object],
38 silly resolved        [Object],
38 silly resolved        [Object],
38 silly resolved        [Object],
38 silly resolved        [Object],
38 silly resolved        [Object],
38 silly resolved        [Object],
38 silly resolved        [Object],
38 silly resolved        [Object],
38 silly resolved        [Object],
38 silly resolved        [Object],
38 silly resolved        [Object],
38 silly resolved        [Object],
38 silly resolved        [Object],
38 silly resolved        [Object],
38 silly resolved        [Object],
38 silly resolved        [Object],
38 silly resolved        [Object],
38 silly resolved        [Object],
38 silly resolved        [Object],
38 silly resolved        [Object],
38 silly resolved        [Object],
38 silly resolved        [Object],
38 silly resolved        [Object],
38 silly resolved        [Object],
38 silly resolved        [Object],
38 silly resolved        [Object],
38 silly resolved        [Object],
38 silly resolved        [Object],
38 silly resolved        [Object],
38 silly resolved        [Object],
38 silly resolved        [Object],
38 silly resolved        [Object],
38 silly resolved        [Object],
38 silly resolved        [Object],
38 silly resolved        [Object],
38 silly resolved        [Object],
38 silly resolved        [Object],
38 silly resolved        [Object],
38 silly resolved        [Object],
38 silly resolved        [Object],
38 silly resolved        [Object],
38 silly resolved        [Object],
38 silly resolved        [Object],
38 silly resolved        [Object],
38 silly resolved        [Object],
38 silly resolved        [Object],
38 silly resolved        [Object],
38 silly resolved        [Object],
38 silly resolved        [Object],
38 silly resolved        [Object],
38 silly resolved        [Object],
38 silly resolved        [Object],
38 silly resolved        [Object],
38 silly resolved        [Object],
38 silly resolved        [Object],
38 silly resolved        [Object],
38 silly resolved        [Object],
38 silly resolved        [Object],
38 silly resolved        [Object],
38 silly resolved        [Object],
38 silly resolved        [Object],
38 silly resolved        [Object],
38 silly resolved        [Object],
38 silly resolved        [Object],
38 silly resolved        [Object],
38 silly resolved        [Object],
38 silly resolved        [Object],
38 silly resolved        [Object],
38 silly resolved        [Object],
38 silly resolved        [Object],
38 silly resolved        [Object],
38 silly resolved        [Object],
38 silly resolved        [Object],
38 silly resolved        [Object],
38 silly resolved        [Object],
38 silly resolved        [Object],
38 silly resolved        [Object],
38 silly resolved        [Object],
38 silly resolved        [Object],
38 silly resolved        [Object],
38 silly resolved        [Object],
38 silly resolved        [Object],
38 silly resolved        [Object],
38 silly resolved        [Object],
38 silly resolved        [Object],
38 silly resolved        [Object],
38 silly resolved        [Object],
38 silly resolved        [Object],
38 silly resolved        [Object],
38 silly resolved        [Object],
38 silly resolved        [Object],
38 silly resolved        [Object],
38 silly resolved        [Object],
38 silly resolved        [Object],
38 silly resolved        [Object],
38 silly resolved        [Object],
38 silly resolved        [Object],
38 silly resolved        [Object],
38 silly resolved        [Object],
38 silly resolved        [Object],
38 silly resolved        [Object],
38 silly resolved        [Object],
38 silly resolved        [Object],
38 silly resolved        [Object],
38 silly resolved        [Object],
38 silly resolved        [Object],
38 silly resolved        [Object],
38 silly resolved        [Object],
38 silly resolved        [Object],
38 silly resolved        [Object],
38 silly resolved        [Object],
38 silly resolved        [Object] ],
38 silly resolved     gitHead: '5ae6ba7daeb3aad39d09095a8f08cf80f3f435a5',
38 silly resolved     _id: 'npm@1.4.23',
38 silly resolved     _shasum: '3888d9f7168eb0e3371cb8bfa3968b1906441717',
38 silly resolved     _from: 'npm@1.4.23',
38 silly resolved     _npmVersion: '1.4.23',
38 silly resolved     _npmUser: { name: 'isaacs', email: 'i@izs.me' },
38 silly resolved     maintainers: [ [Object], [Object] ],
38 silly resolved     dist:
38 silly resolved      { shasum: '3888d9f7168eb0e3371cb8bfa3968b1906441717',
38 silly resolved        tarball: 'http://registry.npmjs.org/npm/-/npm-1.4.23.tgz' },
38 silly resolved     _resolved: 'https://registry.npmjs.org/npm/-/npm-1.4.23.tgz' } ]
39 info install npm@1.4.23 into /usr/local/lib
40 info installOne npm@1.4.23
41 verbose lib/node_modules/npm unbuild
42 info preuninstall npm@1.4.21
43 info uninstall npm@1.4.21
44 verbose true,/usr/local/lib/node_modules,/usr/local/lib/node_modules unbuild npm@1.4.21
45 verbose /usr/local/bin,[object Object] binRoot
46 info postuninstall npm@1.4.21
47 verbose lib/node_modules/npm unbuild
48 info preuninstall npm@1.4.21
49 info uninstall npm@1.4.21
50 verbose true,/usr/local/lib/node_modules,/usr/local/lib/node_modules unbuild npm@1.4.21
51 verbose /usr/local/bin,[object Object] binRoot
52 info postuninstall npm@1.4.21
53 error error rolling back Error: EACCES, unlink '/usr/local/lib/node_modules/npm'
53 error error rolling back  npm@1.4.23 { [Error: EACCES, unlink '/usr/local/lib/node_modules/npm']
53 error error rolling back   errno: 3,
53 error error rolling back   code: 'EACCES',
53 error error rolling back   path: '/usr/local/lib/node_modules/npm' }
54 error Error: EACCES, unlink '/usr/local/lib/node_modules/npm'
54 error  { [Error: EACCES, unlink '/usr/local/lib/node_modules/npm']
54 error   errno: 3,
54 error   code: 'EACCES',
54 error   path: '/usr/local/lib/node_modules/npm' }
55 error Please try running this command again as root/Administrator.
56 error System Darwin 13.0.0
57 error command "node" "/usr/local/bin/npm" "update" "-g" "npm"
58 error cwd /Users/felipegenuino/Documents/GitHub/platinios-hotsite
59 error node -v v0.10.30
60 error npm -v 1.4.21
61 error path /usr/local/lib/node_modules/npm
62 error code EACCES
63 error errno 3
64 error stack Error: EACCES, unlink '/usr/local/lib/node_modules/npm'
65 verbose exit [ 3, true ]
